{
  "stats": {
    "suites": 5,
    "tests": 9,
    "passes": 5,
    "pending": 0,
    "failures": 4,
    "start": "2019-05-17T21:51:57.095Z",
    "end": "2019-05-17T21:51:57.095Z",
    "duration": 64847,
    "testsRegistered": 9,
    "passPercent": 55.55555555555556,
    "pendingPercent": 0,
    "other": 0,
    "hasOther": false,
    "skipped": 0,
    "hasSkipped": false,
    "passPercentClass": "warning",
    "pendingPercentClass": "danger"
  },
  "suites": {
    "uuid": "cfb122f6-f627-48e3-b1bb-fbc1803c5dab",
    "tests": [],
    "suites": [
      {
        "uuid": "4ad13607-542e-4a89-9bd9-3509e0f2371b",
        "title": "Secure routes should redirects user to Home page",
        "fullFile": "",
        "file": "",
        "beforeHooks": [],
        "afterHooks": [],
        "tests": [
          {
            "title": "Navigate to Marketplace without logged in, should redirect to Home page.",
            "fullTitle": "Secure routes should redirects user to Home page Navigate to Marketplace without logged in, should redirect to Home page.",
            "duration": 6820,
            "state": "passed",
            "speed": "slow",
            "pass": true,
            "fail": false,
            "pending": false,
            "code": "cy.visit('/');\ncy.get('[data-cy=navbar-marketplace]').click();\ncy.wait(600); // Waits for redirection\ncy.url().should('include', _Routes.default.home); // Test if login modal appears too\ncy.url().should('include', 'signIn=true');",
            "err": {},
            "isRoot": false,
            "uuid": "6c61ad3f-e91a-41a3-a53c-d350d8536f0c",
            "isHook": false,
            "skipped": false
          },
          {
            "title": "Navigate to Profile without logged in, should redirect to Home page",
            "fullTitle": "Secure routes should redirects user to Home page Navigate to Profile without logged in, should redirect to Home page",
            "duration": 2015,
            "state": "passed",
            "speed": "slow",
            "pass": true,
            "fail": false,
            "pending": false,
            "code": "cy.visit(\"\".concat(Cypress.config().baseUrl + _Routes.default.profilePage));\ncy.wait(600); // Waits for redirection\ncy.url().should('include', _Routes.default.home); // Test if login modal appears too\ncy.url().should('include', 'signIn=true');",
            "err": {},
            "isRoot": false,
            "uuid": "893dd5fa-7a6c-42ed-bd13-66f949bf2a45",
            "isHook": false,
            "skipped": false
          }
        ],
        "suites": [],
        "passes": [
          "6c61ad3f-e91a-41a3-a53c-d350d8536f0c",
          "893dd5fa-7a6c-42ed-bd13-66f949bf2a45"
        ],
        "failures": [],
        "pending": [],
        "skipped": [],
        "duration": 8835,
        "root": false,
        "rootEmpty": false,
        "_timeout": 2000
      },
      {
        "uuid": "9c549547-145e-4447-94a2-9fa35fc11309",
        "title": "Unsecure routes should render properly",
        "fullFile": "",
        "file": "",
        "beforeHooks": [],
        "afterHooks": [],
        "tests": [
          {
            "title": "Navigate to Contact page should render it.",
            "fullTitle": "Unsecure routes should render properly Navigate to Contact page should render it.",
            "duration": 1444,
            "state": "passed",
            "speed": "slow",
            "pass": true,
            "fail": false,
            "pending": false,
            "code": "cy.visit('/');\ncy.get('[data-cy=navbar-contact]').click();\ncy.wait(600); // Waits for redirection\ncy.url().should('include', _Routes.default.contactPage);",
            "err": {},
            "isRoot": false,
            "uuid": "c590c5bd-3005-4f2e-b37c-6bd18fa9f81a",
            "isHook": false,
            "skipped": false
          }
        ],
        "suites": [],
        "passes": [
          "c590c5bd-3005-4f2e-b37c-6bd18fa9f81a"
        ],
        "failures": [],
        "pending": [],
        "skipped": [],
        "duration": 1444,
        "root": false,
        "rootEmpty": false,
        "_timeout": 2000
      },
      {
        "uuid": "a4b97ed4-10f6-46d7-a98d-c38874d4815e",
        "title": "Login modal",
        "fullFile": "",
        "file": "",
        "beforeHooks": [],
        "afterHooks": [],
        "tests": [
          {
            "title": "User can login",
            "fullTitle": "Login modal User can login",
            "duration": 4349,
            "state": "passed",
            "speed": "slow",
            "pass": true,
            "fail": false,
            "pending": false,
            "code": "cy.visit('/?signIn=true');\ncy.get('[data-cy=username]').type(Cypress.env('username'));\ncy.get('[data-cy=password]').type(Cypress.env('password')); // cy.get('[data-cy=submit-login]').click();    // PLEASE, UNCOMMENT THIS LINE AFTER BACKEND FOR   GET /user   has been fixed.\n// cy.url().should('include', '/user');         // PLEASE, UNCOMMENT THIS LINE AFTER BACKEND FOR   GET /user   has been fixed.",
            "err": {},
            "isRoot": false,
            "uuid": "ce8deaf9-9995-4b64-9efb-f96d808d2001",
            "isHook": false,
            "skipped": false
          },
          {
            "title": "User cannot login due to invalid credentials",
            "fullTitle": "Login modal User cannot login due to invalid credentials",
            "duration": 2182,
            "state": "passed",
            "speed": "slow",
            "pass": true,
            "fail": false,
            "pending": false,
            "code": "cy.visit('/?signIn=true');\ncy.get('[data-cy=username]').type(Cypress.env('username'));\ncy.get('[data-cy=password]').type(Cypress.env('password') + '7'); //  + '7' on purpose to fail the login\ncy.get('[data-cy=submit-login]').click();\nassert.isTrue(true, (0, _functions.urlIncludes)('/user'));",
            "err": {},
            "isRoot": false,
            "uuid": "b3143753-23a7-4d4c-933d-b139de558b49",
            "isHook": false,
            "skipped": false
          }
        ],
        "suites": [],
        "passes": [
          "ce8deaf9-9995-4b64-9efb-f96d808d2001",
          "b3143753-23a7-4d4c-933d-b139de558b49"
        ],
        "failures": [],
        "pending": [],
        "skipped": [],
        "duration": 6531,
        "root": false,
        "rootEmpty": false,
        "_timeout": 2000
      },
      {
        "uuid": "1796f17b-cc89-4e80-beed-b845b98f13e4",
        "title": "Marketplace page",
        "fullFile": "",
        "file": "",
        "beforeHooks": [],
        "afterHooks": [],
        "tests": [
          {
            "title": "Sample test with secure route renders it",
            "fullTitle": "Marketplace page Sample test with secure route renders it",
            "duration": 3225,
            "state": "failed",
            "pass": false,
            "fail": true,
            "pending": false,
            "code": "cy.visit(_Routes.default.marketplace);",
            "err": {
              "message": "TypeError: Cannot read property 'access_token' of undefined\n\nBecause this error occurred during a 'before each' hook we are skipping the remaining tests in the current suite: 'Marketplace page'",
              "estack": "TypeError: Cannot read property 'access_token' of undefined\n\nBecause this error occurred during a 'before each' hook we are skipping the remaining tests in the current suite: 'Marketplace page'\n    at Context.<anonymous> (http://localhost:4000/__cypress/tests?p=cypress/support/index.js-126:27:37)"
            },
            "isRoot": false,
            "uuid": "fd96a2b6-e915-435f-80be-cd646c10ef31",
            "isHook": false,
            "skipped": false
          }
        ],
        "suites": [],
        "passes": [],
        "failures": [
          "fd96a2b6-e915-435f-80be-cd646c10ef31"
        ],
        "pending": [],
        "skipped": [],
        "duration": 3225,
        "root": false,
        "rootEmpty": false,
        "_timeout": 2000
      },
      {
        "uuid": "de273d48-4c31-4e25-af1a-d907b743120a",
        "title": "Whatsapp icon",
        "fullFile": "",
        "file": "",
        "beforeHooks": [],
        "afterHooks": [],
        "tests": [
          {
            "title": "On click to button it should open if its closed.",
            "fullTitle": "Whatsapp icon On click to button it should open if its closed.",
            "duration": 14181,
            "state": "failed",
            "pass": false,
            "fail": true,
            "pending": false,
            "code": "cy.visit(_Routes.default.home);\ncy.get('[data-cy=ws-click-handler]').should('have.css', 'display').and('match', /none/);\ncy.get('[data-cy=ws-list-component]').should('have.css', 'display').and('match', /none/);\ncy.get('[data-cy=whatsapp-button]').click();\ncy.get('[data-cy=ws-click-handler]').should('have.css', 'display').and('match', /block/);\ncy.get('[data-cy=ws-list-component]').should('have.css', 'display').and('match', /flex/);",
            "err": {
              "message": "CypressError: Timed out after waiting '12000ms' for your remote page to load.\n\nYour page did not fire its 'load' event within '12000ms'.\n\nYou can try increasing the 'pageLoadTimeout' value in 'cypress.json' to wait longer.\n\nBrowsers will not fire the 'load' event until all stylesheets and scripts are done downloading.\n\nWhen this 'load' event occurs, Cypress will continue running commands.",
              "estack": "CypressError: Timed out after waiting '12000ms' for your remote page to load.\n\nYour page did not fire its 'load' event within '12000ms'.\n\nYou can try increasing the 'pageLoadTimeout' value in 'cypress.json' to wait longer.\n\nBrowsers will not fire the 'load' event until all stylesheets and scripts are done downloading.\n\nWhen this 'load' event occurs, Cypress will continue running commands.\n    at Object.cypressErr (http://localhost:4000/__cypress/runner/cypress_runner.js:83139:11)\n    at Object.throwErr (http://localhost:4000/__cypress/runner/cypress_runner.js:83104:18)\n    at Object.throwErrByPath (http://localhost:4000/__cypress/runner/cypress_runner.js:83131:17)\n    at timedOutWaitingForPageLoad (http://localhost:4000/__cypress/runner/cypress_runner.js:72930:17)\n    at http://localhost:4000/__cypress/runner/cypress_runner.js:73594:18\n    at tryCatcher (http://localhost:4000/__cypress/runner/cypress_runner.js:132036:23)\n    at http://localhost:4000/__cypress/runner/cypress_runner.js:127346:41\n    at tryCatcher (http://localhost:4000/__cypress/runner/cypress_runner.js:132036:23)\n    at Promise._settlePromiseFromHandler (http://localhost:4000/__cypress/runner/cypress_runner.js:130054:31)\n    at Promise._settlePromise (http://localhost:4000/__cypress/runner/cypress_runner.js:130111:18)\n    at Promise._settlePromise0 (http://localhost:4000/__cypress/runner/cypress_runner.js:130156:10)\n    at Promise._settlePromises (http://localhost:4000/__cypress/runner/cypress_runner.js:130231:18)\n    at Async._drainQueue (http://localhost:4000/__cypress/runner/cypress_runner.js:126960:16)\n    at Async._drainQueues (http://localhost:4000/__cypress/runner/cypress_runner.js:126970:10)\n    at Async.drainQueues (http://localhost:4000/__cypress/runner/cypress_runner.js:126844:14)\n    at <anonymous>"
            },
            "isRoot": false,
            "uuid": "946461f3-5f21-4145-8b07-46476d773e99",
            "isHook": false,
            "skipped": false
          },
          {
            "title": "On click to button it should close if its opened.",
            "fullTitle": "Whatsapp icon On click to button it should close if its opened.",
            "duration": 13995,
            "state": "failed",
            "pass": false,
            "fail": true,
            "pending": false,
            "code": "cy.visit(_Routes.default.home); // Open it\ncy.get('[data-cy=whatsapp-button]').click();\ncy.get('[data-cy=ws-click-handler]').should('have.css', 'display').and('match', /block/);\ncy.get('[data-cy=ws-list-component]').should('have.css', 'display').and('match', /flex/); // Close it\ncy.get('[data-cy=whatsapp-button]').click();\ncy.get('[data-cy=ws-click-handler]').should('have.css', 'display').and('match', /none/);\ncy.get('[data-cy=ws-list-component]').should('have.css', 'opacity').and('match', /0/);",
            "err": {
              "message": "CypressError: Timed out after waiting '12000ms' for your remote page to load.\n\nYour page did not fire its 'load' event within '12000ms'.\n\nYou can try increasing the 'pageLoadTimeout' value in 'cypress.json' to wait longer.\n\nBrowsers will not fire the 'load' event until all stylesheets and scripts are done downloading.\n\nWhen this 'load' event occurs, Cypress will continue running commands.",
              "estack": "CypressError: Timed out after waiting '12000ms' for your remote page to load.\n\nYour page did not fire its 'load' event within '12000ms'.\n\nYou can try increasing the 'pageLoadTimeout' value in 'cypress.json' to wait longer.\n\nBrowsers will not fire the 'load' event until all stylesheets and scripts are done downloading.\n\nWhen this 'load' event occurs, Cypress will continue running commands.\n    at Object.cypressErr (http://localhost:4000/__cypress/runner/cypress_runner.js:83139:11)\n    at Object.throwErr (http://localhost:4000/__cypress/runner/cypress_runner.js:83104:18)\n    at Object.throwErrByPath (http://localhost:4000/__cypress/runner/cypress_runner.js:83131:17)\n    at timedOutWaitingForPageLoad (http://localhost:4000/__cypress/runner/cypress_runner.js:72930:17)\n    at http://localhost:4000/__cypress/runner/cypress_runner.js:73594:18\n    at tryCatcher (http://localhost:4000/__cypress/runner/cypress_runner.js:132036:23)\n    at http://localhost:4000/__cypress/runner/cypress_runner.js:127346:41\n    at tryCatcher (http://localhost:4000/__cypress/runner/cypress_runner.js:132036:23)\n    at Promise._settlePromiseFromHandler (http://localhost:4000/__cypress/runner/cypress_runner.js:130054:31)\n    at Promise._settlePromise (http://localhost:4000/__cypress/runner/cypress_runner.js:130111:18)\n    at Promise._settlePromise0 (http://localhost:4000/__cypress/runner/cypress_runner.js:130156:10)\n    at Promise._settlePromises (http://localhost:4000/__cypress/runner/cypress_runner.js:130231:18)\n    at Async._drainQueue (http://localhost:4000/__cypress/runner/cypress_runner.js:126960:16)\n    at Async._drainQueues (http://localhost:4000/__cypress/runner/cypress_runner.js:126970:10)\n    at Async.drainQueues (http://localhost:4000/__cypress/runner/cypress_runner.js:126844:14)\n    at <anonymous>"
            },
            "isRoot": false,
            "uuid": "ca746690-416e-4231-8f4a-5da1a3c9f44d",
            "isHook": false,
            "skipped": false
          },
          {
            "title": "On click to click listener \"darker auter area\" it should close if its open.",
            "fullTitle": "Whatsapp icon On click to click listener \"darker auter area\" it should close if its open.",
            "duration": 16636,
            "state": "failed",
            "pass": false,
            "fail": true,
            "pending": false,
            "code": "cy.visit(_Routes.default.home); // Open it\ncy.get('[data-cy=whatsapp-button]').click();\ncy.get('[data-cy=ws-click-handler]').should('have.css', 'display').and('match', /block/);\ncy.get('[data-cy=ws-list-component]').should('have.css', 'display').and('match', /flex/);\ncy.get('[data-cy=ws-click-handler]').should('have.css', 'display').and('match', /block/);\ncy.get('[data-cy=ws-click-handler]').click();\ncy.get('[data-cy=ws-click-handler]').should('have.css', 'display').and('match', /none/);\ncy.get('[data-cy=ws-list-component]').should('have.css', 'opacity').and('match', /0/);",
            "err": {
              "message": "CypressError: Timed out after waiting '12000ms' for your remote page to load.\n\nYour page did not fire its 'load' event within '12000ms'.\n\nYou can try increasing the 'pageLoadTimeout' value in 'cypress.json' to wait longer.\n\nBrowsers will not fire the 'load' event until all stylesheets and scripts are done downloading.\n\nWhen this 'load' event occurs, Cypress will continue running commands.",
              "estack": "CypressError: Timed out after waiting '12000ms' for your remote page to load.\n\nYour page did not fire its 'load' event within '12000ms'.\n\nYou can try increasing the 'pageLoadTimeout' value in 'cypress.json' to wait longer.\n\nBrowsers will not fire the 'load' event until all stylesheets and scripts are done downloading.\n\nWhen this 'load' event occurs, Cypress will continue running commands.\n    at Object.cypressErr (http://localhost:4000/__cypress/runner/cypress_runner.js:83139:11)\n    at Object.throwErr (http://localhost:4000/__cypress/runner/cypress_runner.js:83104:18)\n    at Object.throwErrByPath (http://localhost:4000/__cypress/runner/cypress_runner.js:83131:17)\n    at timedOutWaitingForPageLoad (http://localhost:4000/__cypress/runner/cypress_runner.js:72930:17)\n    at http://localhost:4000/__cypress/runner/cypress_runner.js:73594:18\n    at tryCatcher (http://localhost:4000/__cypress/runner/cypress_runner.js:132036:23)\n    at http://localhost:4000/__cypress/runner/cypress_runner.js:127346:41\n    at tryCatcher (http://localhost:4000/__cypress/runner/cypress_runner.js:132036:23)\n    at Promise._settlePromiseFromHandler (http://localhost:4000/__cypress/runner/cypress_runner.js:130054:31)\n    at Promise._settlePromise (http://localhost:4000/__cypress/runner/cypress_runner.js:130111:18)\n    at Promise._settlePromise0 (http://localhost:4000/__cypress/runner/cypress_runner.js:130156:10)\n    at Promise._settlePromises (http://localhost:4000/__cypress/runner/cypress_runner.js:130231:18)\n    at Async._drainQueue (http://localhost:4000/__cypress/runner/cypress_runner.js:126960:16)\n    at Async._drainQueues (http://localhost:4000/__cypress/runner/cypress_runner.js:126970:10)\n    at Async.drainQueues (http://localhost:4000/__cypress/runner/cypress_runner.js:126844:14)\n    at <anonymous>"
            },
            "isRoot": false,
            "uuid": "5a83f695-2517-4c21-972c-c4f8a5515247",
            "isHook": false,
            "skipped": false
          }
        ],
        "suites": [],
        "passes": [],
        "failures": [
          "946461f3-5f21-4145-8b07-46476d773e99",
          "ca746690-416e-4231-8f4a-5da1a3c9f44d",
          "5a83f695-2517-4c21-972c-c4f8a5515247"
        ],
        "pending": [],
        "skipped": [],
        "duration": 44812,
        "root": false,
        "rootEmpty": false,
        "_timeout": 2000
      }
    ],
    "duration": 64847,
    "root": true,
    "rootEmpty": true,
    "title": "",
    "fullFile": "",
    "file": "",
    "beforeHooks": [],
    "afterHooks": [],
    "passes": [],
    "failures": [],
    "pending": [],
    "skipped": [],
    "_timeout": 2000
  },
  "copyrightYear": 2019
}